Arguments: 
  /snap/node/6800/bin/node /usr/local/bin/yarn global dir --json

PATH: 
  /usr/local/sbin:/usr/local/bin:/usr/sbin:/usr/bin:/sbin:/bin:/usr/games:/usr/local/games:/snap/bin:/snap/bin

Yarn version: 
  1.22.19

Node version: 
  16.18.0

Platform: 
  linux x64

Trace: 
  Error: EACCES: permission denied, write
      at writeSync (node:fs:920:3)
      at SyncWriteStream._write (node:internal/fs/sync_write_stream:26:3)
      at writeOrBuffer (node:internal/streams/writable:391:12)
      at _write (node:internal/streams/writable:332:10)
      at SyncWriteStream.Writable.write (node:internal/streams/writable:336:10)
      at JSONReporter._dump (/usr/local/lib/node_modules/yarn/lib/cli.js:49577:12)
      at JSONReporter.log (/usr/local/lib/node_modules/yarn/lib/cli.js:49605:10)
      at dir (/usr/local/lib/node_modules/yarn/lib/cli.js:36307:14)
      at Object.<anonymous> (/usr/local/lib/node_modules/yarn/lib/cli.js:25987:25)
      at Generator.next (<anonymous>)

npm manifest: 
  No manifest

yarn manifest: 
  No manifest

Lockfile: 
  No lockfile
